[0.075s] [34mcolcon[0m [1;30mDEBUG[0m [32mCommand line arguments: ['/usr/bin/colcon', 'build', '--packages-select', 'lab8', '--symlink-install'][0m
[0.075s] [34mcolcon[0m [1;30mDEBUG[0m [32mParsed command line arguments: Namespace(log_base=None, log_level=None, verb_name='build', build_base='build', install_base='install', merge_install=False, symlink_install=True, test_result_base=None, continue_on_error=False, executor='parallel', parallel_workers=24, event_handlers=None, ignore_user_meta=False, metas=['./colcon.meta'], base_paths=['.'], packages_ignore=None, packages_ignore_regex=None, paths=None, packages_up_to=None, packages_up_to_regex=None, packages_above=None, packages_above_and_dependencies=None, packages_above_depth=None, packages_select_by_dep=None, packages_skip_by_dep=None, packages_skip_up_to=None, packages_select_build_failed=False, packages_skip_build_finished=False, packages_select_test_failures=False, packages_skip_test_passed=False, packages_select=['lab8'], packages_skip=None, packages_select_regex=None, packages_skip_regex=None, packages_start=None, packages_end=None, cmake_args=None, cmake_target=None, cmake_target_skip_unavailable=False, cmake_clean_cache=False, cmake_clean_first=False, cmake_force_configure=False, ament_cmake_args=None, catkin_cmake_args=None, catkin_skip_building_tests=False, mixin_files=None, mixin=None, verb_parser=<colcon_mixin.mixin.mixin_argument.MixinArgumentDecorator object at 0x712fc4861e10>, verb_extension=<colcon_core.verb.build.BuildVerb object at 0x712fc49f7850>, main=<bound method BuildVerb.main of <colcon_core.verb.build.BuildVerb object at 0x712fc49f7850>>, mixin_verb=('build',))[0m
[0.174s] [34mcolcon.colcon_core.package_discovery[0m [1;30mLevel 1[0m discover_packages(colcon_meta) check parameters
[0.174s] [34mcolcon.colcon_core.package_discovery[0m [1;30mLevel 1[0m discover_packages(recursive) check parameters
[0.174s] [34mcolcon.colcon_core.package_discovery[0m [1;30mLevel 1[0m discover_packages(ignore) check parameters
[0.174s] [34mcolcon.colcon_core.package_discovery[0m [1;30mLevel 1[0m discover_packages(path) check parameters
[0.174s] [34mcolcon.colcon_core.package_discovery[0m [1;30mLevel 1[0m discover_packages(colcon_meta) discover
[0.174s] [34mcolcon.colcon_core.package_discovery[0m [1;30mLevel 1[0m discover_packages(recursive) discover
[0.174s] [34mcolcon.colcon_core.package_discovery[0m [1;30mINFO[0m Crawling recursively for packages in '/home/ubuntu/turtlebot4_ws/src/lab8'
[0.174s] [34mcolcon.colcon_core.package_identification[0m [1;30mLevel 1[0m _identify(.) by extensions ['ignore', 'ignore_ament_install']
[0.175s] [34mcolcon.colcon_core.package_identification[0m [1;30mLevel 1[0m _identify(.) by extension 'ignore'
[0.175s] [34mcolcon.colcon_core.package_identification[0m [1;30mLevel 1[0m _identify(.) by extension 'ignore_ament_install'
[0.175s] [34mcolcon.colcon_core.package_identification[0m [1;30mLevel 1[0m _identify(.) by extensions ['colcon_pkg']
[0.175s] [34mcolcon.colcon_core.package_identification[0m [1;30mLevel 1[0m _identify(.) by extension 'colcon_pkg'
[0.175s] [34mcolcon.colcon_core.package_identification[0m [1;30mLevel 1[0m _identify(.) by extensions ['colcon_meta']
[0.175s] [34mcolcon.colcon_core.package_identification[0m [1;30mLevel 1[0m _identify(.) by extension 'colcon_meta'
[0.175s] [34mcolcon.colcon_core.package_identification[0m [1;30mLevel 1[0m _identify(.) by extensions ['ros']
[0.175s] [34mcolcon.colcon_core.package_identification[0m [1;30mLevel 1[0m _identify(.) by extension 'ros'
[0.192s] [34mcolcon.colcon_core.package_identification[0m [1;30mDEBUG[0m [32mPackage '.' with type 'ros.ament_python' and name 'lab8'[0m
[0.192s] [34mcolcon.colcon_core.package_discovery[0m [1;30mLevel 1[0m discover_packages(recursive) using defaults
[0.192s] [34mcolcon.colcon_core.package_discovery[0m [1;30mLevel 1[0m discover_packages(ignore) discover
[0.192s] [34mcolcon.colcon_core.package_discovery[0m [1;30mLevel 1[0m discover_packages(ignore) using defaults
[0.192s] [34mcolcon.colcon_core.package_discovery[0m [1;30mLevel 1[0m discover_packages(path) discover
[0.192s] [34mcolcon.colcon_core.package_discovery[0m [1;30mLevel 1[0m discover_packages(path) using defaults
[0.202s] [34mcolcon.colcon_core.verb[0m [1;30mLevel 5[0m set package 'lab8' build argument 'cmake_args' from command line to 'None'
[0.202s] [34mcolcon.colcon_core.verb[0m [1;30mLevel 5[0m set package 'lab8' build argument 'cmake_target' from command line to 'None'
[0.202s] [34mcolcon.colcon_core.verb[0m [1;30mLevel 5[0m set package 'lab8' build argument 'cmake_target_skip_unavailable' from command line to 'False'
[0.202s] [34mcolcon.colcon_core.verb[0m [1;30mLevel 5[0m set package 'lab8' build argument 'cmake_clean_cache' from command line to 'False'
[0.202s] [34mcolcon.colcon_core.verb[0m [1;30mLevel 5[0m set package 'lab8' build argument 'cmake_clean_first' from command line to 'False'
[0.202s] [34mcolcon.colcon_core.verb[0m [1;30mLevel 5[0m set package 'lab8' build argument 'cmake_force_configure' from command line to 'False'
[0.202s] [34mcolcon.colcon_core.verb[0m [1;30mLevel 5[0m set package 'lab8' build argument 'ament_cmake_args' from command line to 'None'
[0.202s] [34mcolcon.colcon_core.verb[0m [1;30mLevel 5[0m set package 'lab8' build argument 'catkin_cmake_args' from command line to 'None'
[0.202s] [34mcolcon.colcon_core.verb[0m [1;30mLevel 5[0m set package 'lab8' build argument 'catkin_skip_building_tests' from command line to 'False'
[0.202s] [34mcolcon.colcon_core.verb[0m [1;30mDEBUG[0m [32mBuilding package 'lab8' with the following arguments: {'ament_cmake_args': None, 'build_base': '/home/ubuntu/turtlebot4_ws/src/lab8/build/lab8', 'catkin_cmake_args': None, 'catkin_skip_building_tests': False, 'cmake_args': None, 'cmake_clean_cache': False, 'cmake_clean_first': False, 'cmake_force_configure': False, 'cmake_target': None, 'cmake_target_skip_unavailable': False, 'install_base': '/home/ubuntu/turtlebot4_ws/src/lab8/install/lab8', 'merge_install': False, 'path': '/home/ubuntu/turtlebot4_ws/src/lab8', 'symlink_install': True, 'test_result_base': None}[0m
[0.202s] [34mcolcon.colcon_core.executor[0m [1;30mINFO[0m Executing jobs using 'parallel' executor
[0.203s] [34mcolcon.colcon_parallel_executor.executor.parallel[0m [1;30mDEBUG[0m [32mrun_until_complete[0m
[0.203s] [34mcolcon.colcon_ros.task.ament_python.build[0m [1;30mINFO[0m Building ROS package in '/home/ubuntu/turtlebot4_ws/src/lab8' with build type 'ament_python'
[0.203s] [34mcolcon.colcon_core.shell[0m [1;30mLevel 1[0m create_environment_hook('lab8', 'ament_prefix_path')
[0.205s] [34mcolcon.colcon_core.plugin_system[0m [1;30mINFO[0m Skipping extension 'colcon_core.shell.bat': Not used on non-Windows systems
[0.205s] [34mcolcon.colcon_core.shell[0m [1;30mINFO[0m Creating environment hook '/home/ubuntu/turtlebot4_ws/src/lab8/install/lab8/share/lab8/hook/ament_prefix_path.ps1'
[0.205s] [34mcolcon.colcon_core.shell[0m [1;30mINFO[0m Creating environment descriptor '/home/ubuntu/turtlebot4_ws/src/lab8/install/lab8/share/lab8/hook/ament_prefix_path.dsv'
[0.205s] [34mcolcon.colcon_core.shell[0m [1;30mINFO[0m Creating environment hook '/home/ubuntu/turtlebot4_ws/src/lab8/install/lab8/share/lab8/hook/ament_prefix_path.sh'
[0.206s] [34mcolcon.colcon_core.shell[0m [1;30mINFO[0m Skip shell extension 'powershell' for command environment: Not usable outside of PowerShell
[0.206s] [34mcolcon.colcon_core.shell[0m [1;30mDEBUG[0m [32mSkip shell extension 'dsv' for command environment[0m
[0.392s] [34mcolcon.colcon_core.task.python.build[0m [1;30mINFO[0m Building Python package in '/home/ubuntu/turtlebot4_ws/src/lab8'
[0.392s] [34mcolcon.colcon_core.shell[0m [1;30mINFO[0m Skip shell extension 'powershell' for command environment: Not usable outside of PowerShell
[0.392s] [34mcolcon.colcon_core.shell[0m [1;30mDEBUG[0m [32mSkip shell extension 'dsv' for command environment[0m
[0.637s] [34mcolcon.colcon_core.event_handler.log_command[0m [1;30mDEBUG[0m [32mInvoking command in '/home/ubuntu/turtlebot4_ws/src/lab8/build/lab8': PYTHONPATH=/home/ubuntu/turtlebot4_ws/src/lab8/build/lab8/prefix_override:/usr/lib/python3/dist-packages/colcon_core/task/python/colcon_distutils_commands:/home/ubuntu/turtlebot4_ws/src/lab8/install/lab8/lib/python3.10/site-packages:${PYTHONPATH} /usr/bin/python3 -W ignore:setup.py install is deprecated -W ignore:easy_install command is deprecated setup.py develop --editable --build-directory /home/ubuntu/turtlebot4_ws/src/lab8/build/lab8/build --no-deps symlink_data[0m
[0.934s] [34mcolcon.colcon_core.shell[0m [1;30mLevel 1[0m create_environment_hook('lab8', 'pythonpath_develop')
[0.934s] [34mcolcon.colcon_core.shell[0m [1;30mINFO[0m Creating environment hook '/home/ubuntu/turtlebot4_ws/src/lab8/build/lab8/share/lab8/hook/pythonpath_develop.ps1'
[0.935s] [34mcolcon.colcon_core.event_handler.log_command[0m [1;30mDEBUG[0m [32mInvoked command in '/home/ubuntu/turtlebot4_ws/src/lab8/build/lab8' returned '0': PYTHONPATH=/home/ubuntu/turtlebot4_ws/src/lab8/build/lab8/prefix_override:/usr/lib/python3/dist-packages/colcon_core/task/python/colcon_distutils_commands:/home/ubuntu/turtlebot4_ws/src/lab8/install/lab8/lib/python3.10/site-packages:${PYTHONPATH} /usr/bin/python3 -W ignore:setup.py install is deprecated -W ignore:easy_install command is deprecated setup.py develop --editable --build-directory /home/ubuntu/turtlebot4_ws/src/lab8/build/lab8/build --no-deps symlink_data[0m
[0.936s] [34mcolcon.colcon_core.shell[0m [1;30mINFO[0m Creating environment descriptor '/home/ubuntu/turtlebot4_ws/src/lab8/build/lab8/share/lab8/hook/pythonpath_develop.dsv'
[0.936s] [34mcolcon.colcon_core.shell[0m [1;30mINFO[0m Creating environment hook '/home/ubuntu/turtlebot4_ws/src/lab8/build/lab8/share/lab8/hook/pythonpath_develop.sh'
[0.940s] [34mcolcon.colcon_core.environment[0m [1;30mLevel 1[0m checking '/home/ubuntu/turtlebot4_ws/src/lab8/install/lab8' for CMake module files
[0.940s] [34mcolcon.colcon_core.environment[0m [1;30mLevel 1[0m checking '/home/ubuntu/turtlebot4_ws/src/lab8/install/lab8' for CMake config files
[0.941s] [34mcolcon.colcon_core.environment[0m [1;30mLevel 1[0m checking '/home/ubuntu/turtlebot4_ws/src/lab8/install/lab8/lib'
[0.941s] [34mcolcon.colcon_core.environment[0m [1;30mLevel 1[0m checking '/home/ubuntu/turtlebot4_ws/src/lab8/install/lab8/bin'
[0.941s] [34mcolcon.colcon_core.environment[0m [1;30mLevel 1[0m checking '/home/ubuntu/turtlebot4_ws/src/lab8/install/lab8/lib/pkgconfig/lab8.pc'
[0.941s] [34mcolcon.colcon_core.environment[0m [1;30mLevel 1[0m checking '/home/ubuntu/turtlebot4_ws/src/lab8/install/lab8/lib/python3.10/site-packages'
[0.941s] [34mcolcon.colcon_core.shell[0m [1;30mLevel 1[0m create_environment_hook('lab8', 'pythonpath')
[0.941s] [34mcolcon.colcon_core.shell[0m [1;30mINFO[0m Creating environment hook '/home/ubuntu/turtlebot4_ws/src/lab8/install/lab8/share/lab8/hook/pythonpath.ps1'
[0.941s] [34mcolcon.colcon_core.shell[0m [1;30mINFO[0m Creating environment descriptor '/home/ubuntu/turtlebot4_ws/src/lab8/install/lab8/share/lab8/hook/pythonpath.dsv'
[0.942s] [34mcolcon.colcon_core.shell[0m [1;30mINFO[0m Creating environment hook '/home/ubuntu/turtlebot4_ws/src/lab8/install/lab8/share/lab8/hook/pythonpath.sh'
[0.942s] [34mcolcon.colcon_core.environment[0m [1;30mLevel 1[0m checking '/home/ubuntu/turtlebot4_ws/src/lab8/install/lab8/bin'
[0.942s] [34mcolcon.colcon_core.environment[0m [1;30mLevel 1[0m create_environment_scripts_only(lab8)
[0.942s] [34mcolcon.colcon_core.shell[0m [1;30mINFO[0m Creating package script '/home/ubuntu/turtlebot4_ws/src/lab8/install/lab8/share/lab8/package.ps1'
[0.943s] [34mcolcon.colcon_core.shell[0m [1;30mINFO[0m Creating package descriptor '/home/ubuntu/turtlebot4_ws/src/lab8/install/lab8/share/lab8/package.dsv'
[0.943s] [34mcolcon.colcon_core.shell[0m [1;30mINFO[0m Creating package script '/home/ubuntu/turtlebot4_ws/src/lab8/install/lab8/share/lab8/package.sh'
[0.943s] [34mcolcon.colcon_core.shell[0m [1;30mINFO[0m Creating package script '/home/ubuntu/turtlebot4_ws/src/lab8/install/lab8/share/lab8/package.bash'
[0.944s] [34mcolcon.colcon_core.shell[0m [1;30mINFO[0m Creating package script '/home/ubuntu/turtlebot4_ws/src/lab8/install/lab8/share/lab8/package.zsh'
[0.944s] [34mcolcon.colcon_core.environment[0m [1;30mLevel 1[0m create_file_with_runtime_dependencies(/home/ubuntu/turtlebot4_ws/src/lab8/install/lab8/share/colcon-core/packages/lab8)
[0.944s] [34mcolcon.colcon_parallel_executor.executor.parallel[0m [1;30mDEBUG[0m [32mclosing loop[0m
[0.945s] [34mcolcon.colcon_parallel_executor.executor.parallel[0m [1;30mDEBUG[0m [32mloop closed[0m
[0.945s] [34mcolcon.colcon_parallel_executor.executor.parallel[0m [1;30mDEBUG[0m [32mrun_until_complete finished with '0'[0m
[0.945s] [34mcolcon.colcon_core.event_reactor[0m [1;30mDEBUG[0m [32mjoining thread[0m
[0.952s] [34mcolcon.colcon_core.plugin_system[0m [1;30mINFO[0m Skipping extension 'colcon_notification.desktop_notification.notify_send': Could not find 'notify-send'
[0.952s] [34mcolcon.colcon_core.plugin_system[0m [1;30mINFO[0m Skipping extension 'colcon_notification.desktop_notification.terminal_notifier': Not used on non-Darwin systems
[0.952s] [34mcolcon.colcon_core.plugin_system[0m [1;30mINFO[0m Skipping extension 'colcon_notification.desktop_notification.win32': Not used on non-Windows systems
[0.952s] [34mcolcon.colcon_notification.desktop_notification[0m [1;30mINFO[0m Sending desktop notification using 'notify2'
[0.955s] [34mcolcon.colcon_notification.desktop_notification.notify2[0m [1;30mDEBUG[0m [32mFailed to initialize notify2: org.freedesktop.DBus.Error.Spawn.ExecFailed: /usr/bin/dbus-launch terminated abnormally without any error message[0m
[0.956s] [34mcolcon.colcon_core.event_reactor[0m [1;30mDEBUG[0m [32mjoined thread[0m
[0.956s] [34mcolcon.colcon_core.shell[0m [1;30mINFO[0m Creating prefix script '/home/ubuntu/turtlebot4_ws/src/lab8/install/local_setup.ps1'
[0.957s] [34mcolcon.colcon_core.shell[0m [1;30mINFO[0m Creating prefix util module '/home/ubuntu/turtlebot4_ws/src/lab8/install/_local_setup_util_ps1.py'
[0.958s] [34mcolcon.colcon_core.shell[0m [1;30mINFO[0m Creating prefix chain script '/home/ubuntu/turtlebot4_ws/src/lab8/install/setup.ps1'
[0.959s] [34mcolcon.colcon_core.shell[0m [1;30mINFO[0m Creating prefix script '/home/ubuntu/turtlebot4_ws/src/lab8/install/local_setup.sh'
[0.959s] [34mcolcon.colcon_core.shell[0m [1;30mINFO[0m Creating prefix util module '/home/ubuntu/turtlebot4_ws/src/lab8/install/_local_setup_util_sh.py'
[0.960s] [34mcolcon.colcon_core.shell[0m [1;30mINFO[0m Creating prefix chain script '/home/ubuntu/turtlebot4_ws/src/lab8/install/setup.sh'
[0.961s] [34mcolcon.colcon_core.shell[0m [1;30mINFO[0m Creating prefix script '/home/ubuntu/turtlebot4_ws/src/lab8/install/local_setup.bash'
[0.961s] [34mcolcon.colcon_core.shell[0m [1;30mINFO[0m Creating prefix chain script '/home/ubuntu/turtlebot4_ws/src/lab8/install/setup.bash'
[0.963s] [34mcolcon.colcon_core.shell[0m [1;30mINFO[0m Creating prefix script '/home/ubuntu/turtlebot4_ws/src/lab8/install/local_setup.zsh'
[0.963s] [34mcolcon.colcon_core.shell[0m [1;30mINFO[0m Creating prefix chain script '/home/ubuntu/turtlebot4_ws/src/lab8/install/setup.zsh'
