[0.534s] Invoking command in '/home/ubuntu/turtlebot4_ws/src/lab8/build/lab8': PYTHONPATH=/home/ubuntu/turtlebot4_ws/src/lab8/build/lab8/prefix_override:/usr/lib/python3/dist-packages/colcon_core/task/python/colcon_distutils_commands:/home/ubuntu/turtlebot4_ws/src/lab8/install/lab8/lib/python3.10/site-packages:${PYTHONPATH} /usr/bin/python3 -W ignore:setup.py install is deprecated -W ignore:easy_install command is deprecated setup.py develop --editable --build-directory /home/ubuntu/turtlebot4_ws/src/lab8/build/lab8/build --no-deps symlink_data
[0.687s] running develop
[0.769s] running egg_info
[0.769s] creating lab8.egg-info
[0.769s] writing lab8.egg-info/PKG-INFO
[0.770s] writing dependency_links to lab8.egg-info/dependency_links.txt
[0.770s] writing entry points to lab8.egg-info/entry_points.txt
[0.770s] writing requirements to lab8.egg-info/requires.txt
[0.770s] writing top-level names to lab8.egg-info/top_level.txt
[0.770s] writing manifest file 'lab8.egg-info/SOURCES.txt'
[0.770s] reading manifest file 'lab8.egg-info/SOURCES.txt'
[0.770s] writing manifest file 'lab8.egg-info/SOURCES.txt'
[0.771s] running build_ext
[0.771s] Creating /home/ubuntu/turtlebot4_ws/src/lab8/install/lab8/lib/python3.10/site-packages/lab8.egg-link (link to .)
[0.772s] Installing aruco_detector script to /home/ubuntu/turtlebot4_ws/src/lab8/install/lab8/lib/lab8
[0.772s] Installing navigator script to /home/ubuntu/turtlebot4_ws/src/lab8/install/lab8/lib/lab8
[0.772s] Installing orchestrator script to /home/ubuntu/turtlebot4_ws/src/lab8/install/lab8/lib/lab8
[0.772s] Installing wall_follower script to /home/ubuntu/turtlebot4_ws/src/lab8/install/lab8/lib/lab8
[0.772s] 
[0.772s] Installed /home/ubuntu/turtlebot4_ws/src/lab8/build/lab8
[0.772s] running symlink_data
[0.772s] creating /home/ubuntu/turtlebot4_ws/src/lab8/install/lab8/share/ament_index
[0.772s] creating /home/ubuntu/turtlebot4_ws/src/lab8/install/lab8/share/ament_index/resource_index
[0.772s] creating /home/ubuntu/turtlebot4_ws/src/lab8/install/lab8/share/ament_index/resource_index/packages
[0.772s] symbolically linking /home/ubuntu/turtlebot4_ws/src/lab8/build/lab8/resource/lab8 -> /home/ubuntu/turtlebot4_ws/src/lab8/install/lab8/share/ament_index/resource_index/packages
[0.772s] symbolically linking /home/ubuntu/turtlebot4_ws/src/lab8/build/lab8/package.xml -> /home/ubuntu/turtlebot4_ws/src/lab8/install/lab8/share/lab8
[0.772s] creating /home/ubuntu/turtlebot4_ws/src/lab8/install/lab8/share/lab8/launch
[0.772s] symbolically linking /home/ubuntu/turtlebot4_ws/src/lab8/build/lab8/launch/lab8.launch.py -> /home/ubuntu/turtlebot4_ws/src/lab8/install/lab8/share/lab8/launch
[0.772s] creating /home/ubuntu/turtlebot4_ws/src/lab8/install/lab8/share/lab8/config
[0.773s] symbolically linking /home/ubuntu/turtlebot4_ws/src/lab8/build/lab8/config/nav2.yaml -> /home/ubuntu/turtlebot4_ws/src/lab8/install/lab8/share/lab8/config
[0.791s] Invoked command in '/home/ubuntu/turtlebot4_ws/src/lab8/build/lab8' returned '0': PYTHONPATH=/home/ubuntu/turtlebot4_ws/src/lab8/build/lab8/prefix_override:/usr/lib/python3/dist-packages/colcon_core/task/python/colcon_distutils_commands:/home/ubuntu/turtlebot4_ws/src/lab8/install/lab8/lib/python3.10/site-packages:${PYTHONPATH} /usr/bin/python3 -W ignore:setup.py install is deprecated -W ignore:easy_install command is deprecated setup.py develop --editable --build-directory /home/ubuntu/turtlebot4_ws/src/lab8/build/lab8/build --no-deps symlink_data
